{"C:\\Users\\prasa\\Downloads\\github-actions-aws-cicd-10-projects\\repo\\project-04-react-s3-cloudfront\\src\\App.jsx": {"path":"C:\\Users\\prasa\\Downloads\\github-actions-aws-cicd-10-projects\\repo\\project-04-react-s3-cloudfront\\src\\App.jsx","statementMap":{"0":{"start":{"line":4,"column":28},"end":{"line":4,"column":39}},"1":{"start":{"line":5,"column":38},"end":{"line":5,"column":50}},"2":{"start":{"line":7,"column":2},"end":{"line":13,"column":9}},"3":{"start":{"line":8,"column":4},"end":{"line":12,"column":7}},"4":{"start":{"line":15,"column":2},"end":{"line":32,"column":4}},"5":{"start":{"line":20,"column":23},"end":{"line":20,"column":43}},"6":{"start":{"line":20,"column":37},"end":{"line":20,"column":42}}},"fnMap":{"0":{"name":"App","decl":{"start":{"line":3,"column":9},"end":{"line":3,"column":12}},"loc":{"start":{"line":3,"column":15},"end":{"line":33,"column":1}},"line":3},"1":{"name":"(anonymous_1)","decl":{"start":{"line":7,"column":12},"end":{"line":7,"column":13}},"loc":{"start":{"line":7,"column":18},"end":{"line":13,"column":3}},"line":7},"2":{"name":"(anonymous_2)","decl":{"start":{"line":20,"column":17},"end":{"line":20,"column":18}},"loc":{"start":{"line":20,"column":23},"end":{"line":20,"column":43}},"line":20},"3":{"name":"(anonymous_3)","decl":{"start":{"line":20,"column":32},"end":{"line":20,"column":33}},"loc":{"start":{"line":20,"column":37},"end":{"line":20,"column":42}},"line":20}},"branchMap":{"0":{"loc":{"start":{"line":9,"column":15},"end":{"line":9,"column":55}},"type":"binary-expr","locations":[{"start":{"line":9,"column":15},"end":{"line":9,"column":44}},{"start":{"line":9,"column":48},"end":{"line":9,"column":55}}],"line":9},"1":{"loc":{"start":{"line":10,"column":19},"end":{"line":10,"column":61}},"type":"binary-expr","locations":[{"start":{"line":10,"column":19},"end":{"line":10,"column":44}},{"start":{"line":10,"column":48},"end":{"line":10,"column":61}}],"line":10},"2":{"loc":{"start":{"line":11,"column":15},"end":{"line":11,"column":75}},"type":"binary-expr","locations":[{"start":{"line":11,"column":15},"end":{"line":11,"column":47}},{"start":{"line":11,"column":51},"end":{"line":11,"column":75}}],"line":11},"3":{"loc":{"start":{"line":23,"column":25},"end":{"line":23,"column":55}},"type":"cond-expr","locations":[{"start":{"line":23,"column":39},"end":{"line":23,"column":45}},{"start":{"line":23,"column":48},"end":{"line":23,"column":55}}],"line":23}},"s":{"0":9,"1":9,"2":9,"3":4,"4":9,"5":1,"6":1},"f":{"0":9,"1":4,"2":1,"3":1},"b":{"0":[4,4],"1":[4,4],"2":[4,4],"3":[1,8]},"_coverageSchema":"1a1c01bbd47fc00a2c39e90264f33305004495a9","hash":"af2bb3858fa225330a1059a2c024b842a327be99"}
}
